<?xml version="1.0" encoding="UTF-8"?>
<!-- Generated by org.testng.reporters.JUnitReportReporter -->
<testsuite hostname="DESKTOP-U1MG85P" failures="0" tests="2" name="practice_one_testng.TestNG_Execution_Order7" time="0.031" errors="0" timestamp="2025-02-28T00:00:04 IST" skipped="0">
  <testcase classname="practice_one_testng.TestNG_Execution_Order7" name="test2" time="0.010"/>
  <testcase classname="practice_one_testng.TestNG_Execution_Order7" name="Tes" time="0.021"/>
</testsuite> <!-- practice_one_testng.TestNG_Execution_Order7 -->
