<?xml version="1.0" encoding="UTF-8"?>
<!-- Generated by org.testng.reporters.JUnitReportReporter -->
<testsuite hostname="DESKTOP-U1MG85P" failures="0" tests="2" name="practice_one_testng.TestNG_Execution_Order3" time="0.020" errors="0" timestamp="2025-02-27T22:55:00 IST" skipped="0">
  <testcase classname="practice_one_testng.TestNG_Execution_Order3" name="Test2" time="0.009"/>
  <testcase classname="practice_one_testng.TestNG_Execution_Order3" name="Test1" time="0.011"/>
</testsuite> <!-- practice_one_testng.TestNG_Execution_Order3 -->
