<?xml version="1.0" encoding="UTF-8"?>
<!-- Generated by org.testng.reporters.JUnitReportReporter -->
<testsuite hostname="DESKTOP-U1MG85P" failures="0" tests="1" name="testng_package.Annotation" time="5.801" errors="0" timestamp="2025-02-25T15:15:19 IST" skipped="0">
  <testcase classname="testng_package.Annotation" name="tc1" time="5.801"/>
</testsuite> <!-- testng_package.Annotation -->
