<?xml version="1.0" encoding="UTF-8"?>
<!-- Generated by org.testng.reporters.JUnitReportReporter -->
<testsuite hostname="DESKTOP-U1MG85P" failures="0" tests="2" name="magento.MagentoSignupTest" time="19.296" errors="0" timestamp="2025-02-28T14:39:41 IST" skipped="0">
  <testcase classname="magento.MagentoSignupTest" name="negativeSignupTest" time="9.831"/>
  <testcase classname="magento.MagentoSignupTest" name="positiveSignupTest" time="9.465"/>
</testsuite> <!-- magento.MagentoSignupTest -->
