<?xml version="1.0" encoding="UTF-8"?>
<!-- Generated by org.testng.reporters.JUnitReportReporter -->
<testsuite hostname="DESKTOP-U1MG85P" failures="0" tests="2" name="practice_one_testng.Exceution_order" time="0.027" errors="0" timestamp="2025-02-27T21:01:47 IST" skipped="0">
  <testcase classname="practice_one_testng.Exceution_order" name="test1" time="0.019"/>
  <testcase classname="practice_one_testng.Exceution_order" name="test10" time="0.008"/>
</testsuite> <!-- practice_one_testng.Exceution_order -->
