<?xml version="1.0" encoding="UTF-8"?>
<!-- Generated by org.testng.reporters.JUnitReportReporter -->
<testsuite hostname="DESKTOP-U1MG85P" failures="0" tests="1" name="practice_one_testng.TestNG_Practice1" time="0.018" errors="0" timestamp="2025-02-24T10:48:14 IST" skipped="0">
  <testcase classname="practice_one_testng.TestNG_Practice1" name="test1" time="0.018"/>
</testsuite> <!-- practice_one_testng.TestNG_Practice1 -->
