<?xml version="1.0" encoding="UTF-8"?>
<!-- Generated by org.testng.reporters.JUnitReportReporter -->
<testsuite hostname="DESKTOP-U1MG85P" failures="0" tests="3" name="practice_one_testng.TestNG_Execution_Order5" time="0.026" errors="0" timestamp="2025-02-27T23:42:08 IST" skipped="0">
  <testcase classname="practice_one_testng.TestNG_Execution_Order5" name="Test2" time="0.005"/>
  <testcase classname="practice_one_testng.TestNG_Execution_Order5" name="Test3" time="0.009"/>
  <testcase classname="practice_one_testng.TestNG_Execution_Order5" name="Test1" time="0.012"/>
</testsuite> <!-- practice_one_testng.TestNG_Execution_Order5 -->
