<?xml version="1.0" encoding="UTF-8"?>
<!-- Generated by org.testng.reporters.JUnitReportReporter -->
<testsuite hostname="DESKTOP-U1MG85P" failures="0" tests="3" name="practice_one_testng.Execution_test" time="0.024" errors="0" timestamp="2025-02-27T21:04:06 IST" skipped="0">
  <testcase classname="practice_one_testng.Execution_test" name="def" time="0.018"/>
  <testcase classname="practice_one_testng.Execution_test" name="ghi" time="0.003"/>
  <testcase classname="practice_one_testng.Execution_test" name="zabc" time="0.003"/>
</testsuite> <!-- practice_one_testng.Execution_test -->
