<?xml version="1.0" encoding="UTF-8"?>
<!-- Generated by org.testng.reporters.JUnitReportReporter -->
<testsuite hostname="DESKTOP-U1MG85P" failures="0" tests="2" name="practice_one_testng.TestNG_Execution_Order2" time="0.011" errors="0" timestamp="2025-02-27T21:52:17 IST" skipped="0">
  <testcase classname="practice_one_testng.TestNG_Execution_Order2" name="test2" time="0.002"/>
  <testcase classname="practice_one_testng.TestNG_Execution_Order2" name="test1" time="0.009"/>
</testsuite> <!-- practice_one_testng.TestNG_Execution_Order2 -->
